s testcase/buildconfig/test_build_config.py::test_create_build
 Skipped: no way of currently testing this
F testcase/buildconfig/test_build_config.py::test_start_build
 def test_start_build():
         response = alauda.post('/private-builds/testorg001','/Users/zliu/api/data_template/start_build.json')
         print type(response)
         print response
 >       assert 'running' in response
 E       AssertionError: assert 'running' in {'build_id': '9b14c78f-6c5d-4323-8366-b2a7130b4223'}
 
 testcase/buildconfig/test_build_config.py:21: AssertionError
